{
"contracts/DataCompiler.sol":{"l":{"105":6,"110":6,"111":6,"120":1617,"121":1617,"122":1617,"123":1617,"135":1615,"156":1615,"164":3230,"181":8072,"195":8074,"203":1617,"204":1617,"205":3234,"206":3234,"209":1617,"217":0,"218":0,"219":0,"220":0,"223":0,"235":135618,"236":135618,"237":135618,"239":135618,"240":10308590,"242":10308590,"247":7790061,"249":2518529,"253":135618,"254":135618,"256":135618,"257":10308590,"259":10308590,"264":7790061,"266":2518529,"267":2518529,"268":2518529,"269":2518529,"270":2518529,"274":135618,"283":1,"284":1,"286":1,"287":45,"289":45,"291":14,"292":14,"295":14,"300":14,"307":14,"308":14,"310":14,"313":0,"317":14,"318":14,"320":9,"323":5,"329":14,"336":31,"342":1,"349":1618,"350":3,"352":1615,"353":1615,"354":1615,"355":5883,"356":5883,"358":1615,"359":1615,"360":1615,"361":5883,"362":5883,"363":5883,"364":5883,"365":5883,"367":1615,"424":1615,"431":1,"435":1617,"437":1617,"439":1617,"441":1617,"443":1617,"445":1617},"path":"/Users/johnshankman/Documents/freelance/radioactive-punks-chained-contracts/contracts/DataCompiler.sol","s":{"1":1617,"2":1617,"3":1615,"4":1615,"5":3230,"6":8072,"7":8074,"8":1617,"9":1617,"10":3234,"11":1617,"12":0,"13":0,"14":0,"15":0,"16":135618,"17":135618,"18":135618,"19":135618,"20":10308590,"21":10308590,"22":135618,"23":135618,"24":135618,"25":10308590,"26":10308590,"27":2518529,"28":2518529,"29":135618,"30":1,"31":1,"32":1,"33":45,"34":45,"35":14,"36":14,"37":14,"38":14,"39":14,"40":14,"41":14,"42":14,"43":1,"44":1618,"45":3,"46":1615,"47":1615,"48":1615,"49":1615,"50":1615,"51":1615,"52":5883,"53":5883,"54":1615,"55":1615,"56":1},"b":{"1":[7790061,2518529],"2":[2294007,1056336],"3":[1056336,4439718],"4":[7790061,2518529],"5":[2294007,1056336],"6":[1056336,4439718],"7":[14,31],"8":[14,0],"9":[14,0],"10":[14,0],"11":[9,5],"12":[14,0],"13":[9,5],"14":[3,1615]},"f":{"1":6,"2":1617,"3":1615,"4":1615,"5":3230,"6":8072,"7":8074,"8":1617,"9":0,"10":135618,"11":1,"12":1618,"13":1615,"14":1,"15":1617},"fnMap":{"1":{"name":"constructor","line":104,"loc":{"start":{"line":104,"column":2},"end":{"line":112,"column":2}}},"2":{"name":"fflate","line":119,"loc":{"start":{"line":119,"column":2},"end":{"line":124,"column":2}}},"3":{"name":"HTML_HEAD_START","line":134,"loc":{"start":{"line":134,"column":2},"end":{"line":150,"column":2}}},"4":{"name":"HTML_FOOT","line":155,"loc":{"start":{"line":155,"column":2},"end":{"line":157,"column":2}}},"5":{"name":"SCRIPT_VAR","line":159,"loc":{"start":{"line":159,"column":2},"end":{"line":175,"column":2}}},"6":{"name":"BEGIN_METADATA_VAR","line":177,"loc":{"start":{"line":177,"column":2},"end":{"line":189,"column":2}}},"7":{"name":"END_METADATA_VAR","line":191,"loc":{"start":{"line":191,"column":2},"end":{"line":196,"column":2}}},"8":{"name":"compileDataChunks","line":202,"loc":{"start":{"line":202,"column":2},"end":{"line":210,"column":2}}},"9":{"name":"compileBytesChunks","line":216,"loc":{"start":{"line":216,"column":2},"end":{"line":224,"column":2}}},"10":{"name":"encodeURI","line":234,"loc":{"start":{"line":234,"column":2},"end":{"line":275,"column":2}}},"11":{"name":"decodeURI","line":282,"loc":{"start":{"line":282,"column":2},"end":{"line":343,"column":2}}},"12":{"name":"uint2str","line":348,"loc":{"start":{"line":348,"column":2},"end":{"line":368,"column":2}}},"13":{"name":"toHex16String","line":423,"loc":{"start":{"line":423,"column":2},"end":{"line":425,"column":2}}},"14":{"name":"toHex32String","line":430,"loc":{"start":{"line":430,"column":2},"end":{"line":432,"column":2}}},"15":{"name":"toHex16","line":434,"loc":{"start":{"line":434,"column":2},"end":{"line":449,"column":2}}}},"statementMap":{"1":{"start":{"line":120,"column":4},"end":{"line":120,"column":52}},"2":{"start":{"line":123,"column":4},"end":{"line":123,"column":42}},"3":{"start":{"line":135,"column":4},"end":{"line":135,"column":8200}},"4":{"start":{"line":156,"column":4},"end":{"line":156,"column":49}},"5":{"start":{"line":164,"column":4},"end":{"line":164,"column":9086}},"6":{"start":{"line":181,"column":4},"end":{"line":181,"column":9543}},"7":{"start":{"line":195,"column":4},"end":{"line":195,"column":70}},"8":{"start":{"line":203,"column":4},"end":{"line":203,"column":29}},"9":{"start":{"line":204,"column":4},"end":{"line":204,"column":10177}},"10":{"start":{"line":205,"column":6},"end":{"line":205,"column":49}},"11":{"start":{"line":209,"column":4},"end":{"line":209,"column":17}},"12":{"start":{"line":217,"column":4},"end":{"line":217,"column":28}},"13":{"start":{"line":218,"column":4},"end":{"line":218,"column":10643}},"14":{"start":{"line":219,"column":6},"end":{"line":219,"column":47}},"15":{"start":{"line":223,"column":4},"end":{"line":223,"column":17}},"16":{"start":{"line":235,"column":6},"end":{"line":235,"column":37}},"17":{"start":{"line":236,"column":6},"end":{"line":236,"column":40}},"18":{"start":{"line":237,"column":6},"end":{"line":237,"column":30}},"19":{"start":{"line":239,"column":6},"end":{"line":239,"column":11209}},"20":{"start":{"line":240,"column":10},"end":{"line":240,"column":29}},"21":{"start":{"line":242,"column":10},"end":{"line":242,"column":11299}},"22":{"start":{"line":253,"column":6},"end":{"line":253,"column":51}},"23":{"start":{"line":254,"column":6},"end":{"line":254,"column":19}},"24":{"start":{"line":256,"column":6},"end":{"line":256,"column":11621}},"25":{"start":{"line":257,"column":10},"end":{"line":257,"column":29}},"26":{"start":{"line":259,"column":10},"end":{"line":259,"column":11711}},"27":{"start":{"line":266,"column":14},"end":{"line":266,"column":46}},"28":{"start":{"line":267,"column":14},"end":{"line":267,"column":46}},"29":{"start":{"line":274,"column":6},"end":{"line":274,"column":27}},"30":{"start":{"line":283,"column":4},"end":{"line":283,"column":29}},"31":{"start":{"line":284,"column":4},"end":{"line":284,"column":42}},"32":{"start":{"line":286,"column":4},"end":{"line":286,"column":12545}},"33":{"start":{"line":287,"column":6},"end":{"line":287,"column":30}},"34":{"start":{"line":289,"column":6},"end":{"line":289,"column":12700}},"35":{"start":{"line":291,"column":8},"end":{"line":291,"column":47}},"36":{"start":{"line":292,"column":8},"end":{"line":292,"column":47}},"37":{"start":{"line":295,"column":8},"end":{"line":295,"column":12970}},"38":{"start":{"line":300,"column":8},"end":{"line":300,"column":13133}},"39":{"start":{"line":307,"column":8},"end":{"line":307,"column":30}},"40":{"start":{"line":308,"column":8},"end":{"line":308,"column":13412}},"41":{"start":{"line":317,"column":8},"end":{"line":317,"column":31}},"42":{"start":{"line":318,"column":8},"end":{"line":318,"column":13726}},"43":{"start":{"line":342,"column":4},"end":{"line":342,"column":17}},"44":{"start":{"line":349,"column":4},"end":{"line":349,"column":14547}},"45":{"start":{"line":350,"column":6},"end":{"line":350,"column":16}},"46":{"start":{"line":352,"column":4},"end":{"line":352,"column":18}},"47":{"start":{"line":353,"column":4},"end":{"line":353,"column":15}},"48":{"start":{"line":354,"column":4},"end":{"line":354,"column":14627}},"49":{"start":{"line":358,"column":4},"end":{"line":358,"column":38}},"50":{"start":{"line":359,"column":4},"end":{"line":359,"column":19}},"51":{"start":{"line":360,"column":4},"end":{"line":360,"column":14743}},"52":{"start":{"line":362,"column":6},"end":{"line":362,"column":52}},"53":{"start":{"line":363,"column":6},"end":{"line":363,"column":30}},"54":{"start":{"line":367,"column":4},"end":{"line":367,"column":23}},"55":{"start":{"line":424,"column":4},"end":{"line":424,"column":53}},"56":{"start":{"line":431,"column":4},"end":{"line":431,"column":96}}},"branchMap":{"1":{"line":242,"type":"if","locations":[{"start":{"line":242,"column":10},"end":{"line":242,"column":10}},{"start":{"line":242,"column":10},"end":{"line":242,"column":10}}]},"2":{"line":243,"type":"cond-expr","locations":[{"start":{"line":243,"column":14},"end":{"line":243,"column":37}},{"start":{"line":244,"column":14},"end":{"line":244,"column":37}}]},"3":{"line":243,"type":"cond-expr","locations":[{"start":{"line":243,"column":14},"end":{"line":244,"column":37}},{"start":{"line":245,"column":14},"end":{"line":245,"column":37}}]},"4":{"line":259,"type":"if","locations":[{"start":{"line":259,"column":10},"end":{"line":259,"column":10}},{"start":{"line":259,"column":10},"end":{"line":259,"column":10}}]},"5":{"line":260,"type":"cond-expr","locations":[{"start":{"line":260,"column":14},"end":{"line":260,"column":37}},{"start":{"line":261,"column":14},"end":{"line":261,"column":37}}]},"6":{"line":260,"type":"cond-expr","locations":[{"start":{"line":260,"column":14},"end":{"line":261,"column":37}},{"start":{"line":262,"column":14},"end":{"line":262,"column":37}}]},"7":{"line":289,"type":"if","locations":[{"start":{"line":289,"column":6},"end":{"line":289,"column":6}},{"start":{"line":289,"column":6},"end":{"line":289,"column":6}}]},"8":{"line":295,"type":"if","locations":[{"start":{"line":295,"column":8},"end":{"line":295,"column":8}},{"start":{"line":295,"column":8},"end":{"line":295,"column":8}}]},"9":{"line":296,"type":"cond-expr","locations":[{"start":{"line":296,"column":11},"end":{"line":296,"column":44}},{"start":{"line":297,"column":14},"end":{"line":297,"column":47}}]},"10":{"line":300,"type":"if","locations":[{"start":{"line":300,"column":8},"end":{"line":300,"column":8}},{"start":{"line":300,"column":8},"end":{"line":300,"column":8}}]},"11":{"line":301,"type":"cond-expr","locations":[{"start":{"line":301,"column":11},"end":{"line":301,"column":44}},{"start":{"line":302,"column":14},"end":{"line":302,"column":47}}]},"12":{"line":308,"type":"if","locations":[{"start":{"line":308,"column":8},"end":{"line":308,"column":8}},{"start":{"line":308,"column":8},"end":{"line":308,"column":8}}]},"13":{"line":318,"type":"if","locations":[{"start":{"line":318,"column":8},"end":{"line":318,"column":8}},{"start":{"line":318,"column":8},"end":{"line":318,"column":8}}]},"14":{"line":349,"type":"if","locations":[{"start":{"line":349,"column":4},"end":{"line":349,"column":4}},{"start":{"line":349,"column":4},"end":{"line":349,"column":4}}]}}},
"contracts/FFlateDataChunk1.sol":{"l":{},"path":"/Users/johnshankman/Documents/freelance/radioactive-punks-chained-contracts/contracts/FFlateDataChunk1.sol","s":{},"b":{},"f":{},"fnMap":{},"statementMap":{},"branchMap":{}},
"contracts/FFLateDataChunk2.sol":{"l":{},"path":"/Users/johnshankman/Documents/freelance/radioactive-punks-chained-contracts/contracts/FFLateDataChunk2.sol","s":{},"b":{},"f":{},"fnMap":{},"statementMap":{},"branchMap":{}},
"contracts/IBytesChunk.sol":{"l":{},"path":"/Users/johnshankman/Documents/freelance/radioactive-punks-chained-contracts/contracts/IBytesChunk.sol","s":{},"b":{},"f":{},"fnMap":{},"statementMap":{},"branchMap":{}},
"contracts/IDataCompiler.sol":{"l":{},"path":"/Users/johnshankman/Documents/freelance/radioactive-punks-chained-contracts/contracts/IDataCompiler.sol","s":{},"b":{},"f":{},"fnMap":{},"statementMap":{},"branchMap":{}},
"contracts/IStringChunk.sol":{"l":{},"path":"/Users/johnshankman/Documents/freelance/radioactive-punks-chained-contracts/contracts/IStringChunk.sol","s":{},"b":{},"f":{},"fnMap":{},"statementMap":{},"branchMap":{}},
"contracts/ITokenURISupplier.sol":{"l":{},"path":"/Users/johnshankman/Documents/freelance/radioactive-punks-chained-contracts/contracts/ITokenURISupplier.sol","s":{},"b":{},"f":{},"fnMap":{},"statementMap":{},"branchMap":{}},
"contracts/RadioactivePunksBytesHyperstructure.sol":{"l":{},"path":"/Users/johnshankman/Documents/freelance/radioactive-punks-chained-contracts/contracts/RadioactivePunksBytesHyperstructure.sol","s":{},"b":{},"f":{},"fnMap":{},"statementMap":{},"branchMap":{}},
"contracts/RadioactivePunksRenderer.sol":{"l":{"103":3,"107":1,"111":2,"112":1,"116":2,"117":1,"121":2,"122":1,"123":1,"127":1615,"128":1615,"129":1615,"136":1615,"137":1615,"138":1304920,"139":1,"141":1304919,"142":1614,"144":1303305,"146":1614,"154":1614,"156":1614,"157":1614,"163":1614,"164":1614,"165":1614,"166":1614,"167":24210,"168":24210,"179":1614,"180":1614,"187":1614,"189":1614,"190":1614,"200":1614,"201":1614,"210":1614,"211":1614,"220":1614,"221":1614,"234":1614,"235":1614,"269":1614,"270":1614,"277":1614,"281":2,"282":2,"283":2,"285":2,"286":30,"288":2},"path":"/Users/johnshankman/Documents/freelance/radioactive-punks-chained-contracts/contracts/RadioactivePunksRenderer.sol","s":{"1":1,"2":2,"3":2,"4":2,"5":1615,"6":1615,"7":1615,"8":1615,"9":1615,"10":1304920,"11":1304919,"12":1614,"13":1614,"14":1614,"15":1614,"16":1614,"17":1614,"18":1614,"19":1614,"20":2,"21":2,"22":2,"23":2,"24":2},"b":{"1":[1,1],"2":[1,1],"3":[1,1],"4":[1,1304919],"5":[1614,1303305]},"f":{"1":3,"2":1,"3":2,"4":2,"5":2,"6":1615,"7":2},"fnMap":{"1":{"name":"constructor","line":102,"loc":{"start":{"line":102,"column":2},"end":{"line":104,"column":2}}},"2":{"name":"supportsInterface","line":106,"loc":{"start":{"line":106,"column":2},"end":{"line":108,"column":2}}},"3":{"name":"setCompilerAddress","line":110,"loc":{"start":{"line":110,"column":2},"end":{"line":113,"column":2}}},"4":{"name":"setEncodedPunksAddress","line":115,"loc":{"start":{"line":115,"column":2},"end":{"line":118,"column":2}}},"5":{"name":"setRPunksSVGDataAddresses","line":120,"loc":{"start":{"line":120,"column":2},"end":{"line":124,"column":2}}},"6":{"name":"tokenURI","line":126,"loc":{"start":{"line":126,"column":2},"end":{"line":278,"column":2}}},"7":{"name":"getPunkDataAtOffset","line":280,"loc":{"start":{"line":280,"column":2},"end":{"line":289,"column":2}}}},"statementMap":{"1":{"start":{"line":107,"column":4},"end":{"line":107,"column":61}},"2":{"start":{"line":111,"column":4},"end":{"line":111,"column":31}},"3":{"start":{"line":116,"column":4},"end":{"line":116,"column":31}},"4":{"start":{"line":121,"column":4},"end":{"line":121,"column":31}},"5":{"start":{"line":127,"column":4},"end":{"line":127,"column":72}},"6":{"start":{"line":128,"column":4},"end":{"line":128,"column":72}},"7":{"start":{"line":129,"column":4},"end":{"line":129,"column":59}},"8":{"start":{"line":136,"column":4},"end":{"line":136,"column":17}},"9":{"start":{"line":137,"column":4},"end":{"line":137,"column":9259}},"10":{"start":{"line":138,"column":6},"end":{"line":138,"column":9307}},"11":{"start":{"line":141,"column":6},"end":{"line":141,"column":9342}},"12":{"start":{"line":146,"column":4},"end":{"line":146,"column":57}},"13":{"start":{"line":154,"column":4},"end":{"line":154,"column":36}},"14":{"start":{"line":163,"column":4},"end":{"line":163,"column":64}},"15":{"start":{"line":164,"column":4},"end":{"line":164,"column":48}},"16":{"start":{"line":165,"column":4},"end":{"line":165,"column":21}},"17":{"start":{"line":166,"column":4},"end":{"line":166,"column":9984}},"18":{"start":{"line":187,"column":4},"end":{"line":187,"column":49}},"19":{"start":{"line":277,"column":4},"end":{"line":277,"column":18}},"20":{"start":{"line":281,"column":4},"end":{"line":281,"column":64}},"21":{"start":{"line":282,"column":4},"end":{"line":282,"column":48}},"22":{"start":{"line":283,"column":4},"end":{"line":283,"column":18}},"23":{"start":{"line":285,"column":4},"end":{"line":285,"column":13134}},"24":{"start":{"line":288,"column":4},"end":{"line":288,"column":17}}},"branchMap":{"1":{"line":111,"type":"if","locations":[{"start":{"line":111,"column":4},"end":{"line":111,"column":4}},{"start":{"line":111,"column":4},"end":{"line":111,"column":4}}]},"2":{"line":116,"type":"if","locations":[{"start":{"line":116,"column":4},"end":{"line":116,"column":4}},{"start":{"line":116,"column":4},"end":{"line":116,"column":4}}]},"3":{"line":121,"type":"if","locations":[{"start":{"line":121,"column":4},"end":{"line":121,"column":4}},{"start":{"line":121,"column":4},"end":{"line":121,"column":4}}]},"4":{"line":138,"type":"if","locations":[{"start":{"line":138,"column":6},"end":{"line":138,"column":6}},{"start":{"line":138,"column":6},"end":{"line":138,"column":6}}]},"5":{"line":141,"type":"if","locations":[{"start":{"line":141,"column":6},"end":{"line":141,"column":6}},{"start":{"line":141,"column":6},"end":{"line":141,"column":6}}]}}},
"contracts/RadioactivePunksSVGChunk1.sol":{"l":{},"path":"/Users/johnshankman/Documents/freelance/radioactive-punks-chained-contracts/contracts/RadioactivePunksSVGChunk1.sol","s":{},"b":{},"f":{},"fnMap":{},"statementMap":{},"branchMap":{}},
"contracts/RadioactivePunksSVGChunk2.sol":{"l":{},"path":"/Users/johnshankman/Documents/freelance/radioactive-punks-chained-contracts/contracts/RadioactivePunksSVGChunk2.sol","s":{},"b":{},"f":{},"fnMap":{},"statementMap":{},"branchMap":{}}}
