TN:
SF:/Users/johnshankman/Documents/freelance/radioactive-punks-chained-contracts/contracts/DataCompiler.sol
FN:104,constructor
FN:119,fflate
FN:134,HTML_HEAD_START
FN:155,HTML_FOOT
FN:159,SCRIPT_VAR
FN:177,BEGIN_METADATA_VAR
FN:191,END_METADATA_VAR
FN:202,compileDataChunks
FN:216,compileBytesChunks
FN:234,encodeURI
FN:282,decodeURI
FN:348,uint2str
FN:423,toHex16String
FN:430,toHex32String
FN:434,toHex16
FNF:15
FNH:14
FNDA:6,constructor
FNDA:1617,fflate
FNDA:1615,HTML_HEAD_START
FNDA:1615,HTML_FOOT
FNDA:3230,SCRIPT_VAR
FNDA:8072,BEGIN_METADATA_VAR
FNDA:8074,END_METADATA_VAR
FNDA:1617,compileDataChunks
FNDA:0,compileBytesChunks
FNDA:135618,encodeURI
FNDA:1,decodeURI
FNDA:1618,uint2str
FNDA:1615,toHex16String
FNDA:1,toHex32String
FNDA:1617,toHex16
DA:105,6
DA:110,6
DA:111,6
DA:120,1617
DA:121,1617
DA:122,1617
DA:123,1617
DA:135,1615
DA:156,1615
DA:164,3230
DA:181,8072
DA:195,8074
DA:203,1617
DA:204,1617
DA:205,3234
DA:206,3234
DA:209,1617
DA:217,0
DA:218,0
DA:219,0
DA:220,0
DA:223,0
DA:235,135618
DA:236,135618
DA:237,135618
DA:239,135618
DA:240,10308590
DA:242,10308590
DA:247,7790061
DA:249,2518529
DA:253,135618
DA:254,135618
DA:256,135618
DA:257,10308590
DA:259,10308590
DA:264,7790061
DA:266,2518529
DA:267,2518529
DA:268,2518529
DA:269,2518529
DA:270,2518529
DA:274,135618
DA:283,1
DA:284,1
DA:286,1
DA:287,45
DA:289,45
DA:291,14
DA:292,14
DA:295,14
DA:300,14
DA:307,14
DA:308,14
DA:310,14
DA:313,0
DA:317,14
DA:318,14
DA:320,9
DA:323,5
DA:329,14
DA:336,31
DA:342,1
DA:349,1618
DA:350,3
DA:352,1615
DA:353,1615
DA:354,1615
DA:355,5883
DA:356,5883
DA:358,1615
DA:359,1615
DA:360,1615
DA:361,5883
DA:362,5883
DA:363,5883
DA:364,5883
DA:365,5883
DA:367,1615
DA:424,1615
DA:431,1
DA:435,1617
DA:437,1617
DA:439,1617
DA:441,1617
DA:443,1617
DA:445,1617
LF:86
LH:80
BRDA:242,1,0,7790061
BRDA:242,1,1,2518529
BRDA:243,2,0,2294007
BRDA:243,2,1,1056336
BRDA:243,3,0,1056336
BRDA:243,3,1,4439718
BRDA:259,4,0,7790061
BRDA:259,4,1,2518529
BRDA:260,5,0,2294007
BRDA:260,5,1,1056336
BRDA:260,6,0,1056336
BRDA:260,6,1,4439718
BRDA:289,7,0,14
BRDA:289,7,1,31
BRDA:295,8,0,14
BRDA:295,8,1,0
BRDA:296,9,0,14
BRDA:296,9,1,0
BRDA:300,10,0,14
BRDA:300,10,1,0
BRDA:301,11,0,9
BRDA:301,11,1,5
BRDA:308,12,0,14
BRDA:308,12,1,0
BRDA:318,13,0,9
BRDA:318,13,1,5
BRDA:349,14,0,3
BRDA:349,14,1,1615
BRF:28
BRH:24
end_of_record
TN:
SF:/Users/johnshankman/Documents/freelance/radioactive-punks-chained-contracts/contracts/FFlateDataChunk1.sol
FNF:0
FNH:0
LF:0
LH:0
BRF:0
BRH:0
end_of_record
TN:
SF:/Users/johnshankman/Documents/freelance/radioactive-punks-chained-contracts/contracts/FFLateDataChunk2.sol
FNF:0
FNH:0
LF:0
LH:0
BRF:0
BRH:0
end_of_record
TN:
SF:/Users/johnshankman/Documents/freelance/radioactive-punks-chained-contracts/contracts/IBytesChunk.sol
FNF:0
FNH:0
LF:0
LH:0
BRF:0
BRH:0
end_of_record
TN:
SF:/Users/johnshankman/Documents/freelance/radioactive-punks-chained-contracts/contracts/IDataCompiler.sol
FNF:0
FNH:0
LF:0
LH:0
BRF:0
BRH:0
end_of_record
TN:
SF:/Users/johnshankman/Documents/freelance/radioactive-punks-chained-contracts/contracts/IStringChunk.sol
FNF:0
FNH:0
LF:0
LH:0
BRF:0
BRH:0
end_of_record
TN:
SF:/Users/johnshankman/Documents/freelance/radioactive-punks-chained-contracts/contracts/ITokenURISupplier.sol
FNF:0
FNH:0
LF:0
LH:0
BRF:0
BRH:0
end_of_record
TN:
SF:/Users/johnshankman/Documents/freelance/radioactive-punks-chained-contracts/contracts/RadioactivePunksBytesHyperstructure.sol
FNF:0
FNH:0
LF:0
LH:0
BRF:0
BRH:0
end_of_record
TN:
SF:/Users/johnshankman/Documents/freelance/radioactive-punks-chained-contracts/contracts/RadioactivePunksRenderer.sol
FN:102,constructor
FN:106,supportsInterface
FN:110,setCompilerAddress
FN:115,setEncodedPunksAddress
FN:120,setRPunksSVGDataAddresses
FN:126,tokenURI
FN:280,getPunkDataAtOffset
FNF:7
FNH:7
FNDA:3,constructor
FNDA:1,supportsInterface
FNDA:2,setCompilerAddress
FNDA:2,setEncodedPunksAddress
FNDA:2,setRPunksSVGDataAddresses
FNDA:1615,tokenURI
FNDA:2,getPunkDataAtOffset
DA:103,3
DA:107,1
DA:111,2
DA:112,1
DA:116,2
DA:117,1
DA:121,2
DA:122,1
DA:123,1
DA:127,1615
DA:128,1615
DA:129,1615
DA:136,1615
DA:137,1615
DA:138,1304920
DA:139,1
DA:141,1304919
DA:142,1614
DA:144,1303305
DA:146,1614
DA:154,1614
DA:156,1614
DA:157,1614
DA:163,1614
DA:164,1614
DA:165,1614
DA:166,1614
DA:167,24210
DA:168,24210
DA:179,1614
DA:180,1614
DA:187,1614
DA:189,1614
DA:190,1614
DA:200,1614
DA:201,1614
DA:210,1614
DA:211,1614
DA:220,1614
DA:221,1614
DA:234,1614
DA:235,1614
DA:269,1614
DA:270,1614
DA:277,1614
DA:281,2
DA:282,2
DA:283,2
DA:285,2
DA:286,30
DA:288,2
LF:51
LH:51
BRDA:111,1,0,1
BRDA:111,1,1,1
BRDA:116,2,0,1
BRDA:116,2,1,1
BRDA:121,3,0,1
BRDA:121,3,1,1
BRDA:138,4,0,1
BRDA:138,4,1,1304919
BRDA:141,5,0,1614
BRDA:141,5,1,1303305
BRF:10
BRH:10
end_of_record
TN:
SF:/Users/johnshankman/Documents/freelance/radioactive-punks-chained-contracts/contracts/RadioactivePunksSVGChunk1.sol
FNF:0
FNH:0
LF:0
LH:0
BRF:0
BRH:0
end_of_record
TN:
SF:/Users/johnshankman/Documents/freelance/radioactive-punks-chained-contracts/contracts/RadioactivePunksSVGChunk2.sol
FNF:0
FNH:0
LF:0
LH:0
BRF:0
BRH:0
end_of_record
